<?xml version="1.0" encoding="UTF-8"?>
<!-- Generated by org.testng.reporters.JUnitReportReporter -->
<testsuite skipped="0" hostname="INFO-IN-LTP-061" name="info.testrunner.TestRunner" tests="12" failures="0" timestamp="27 Feb 2022 10:30:39 GMT" time="101.691" errors="0">
  <testcase name="runScenario" time="3.315" classname="info.testrunner.TestRunner"/>
  <testcase name="runScenario" time="45.318" classname="info.testrunner.TestRunner"/>
  <testcase name="runScenario" time="3.520" classname="info.testrunner.TestRunner"/>
  <testcase name="runScenario" time="3.527" classname="info.testrunner.TestRunner"/>
  <testcase name="runScenario" time="3.397" classname="info.testrunner.TestRunner"/>
  <testcase name="runScenario" time="13.847" classname="info.testrunner.TestRunner"/>
  <testcase name="runScenario" time="3.438" classname="info.testrunner.TestRunner"/>
  <testcase name="runScenario" time="7.444" classname="info.testrunner.TestRunner"/>
  <testcase name="runScenario" time="3.475" classname="info.testrunner.TestRunner"/>
  <testcase name="runScenario" time="3.382" classname="info.testrunner.TestRunner"/>
  <testcase name="runScenario" time="7.585" classname="info.testrunner.TestRunner"/>
  <testcase name="runScenario" time="3.443" classname="info.testrunner.TestRunner"/>
</testsuite> <!-- info.testrunner.TestRunner -->
