<?xml version="1.0" encoding="UTF-8"?>
<!-- Generated by org.testng.reporters.JUnitReportReporter -->
<testsuite skipped="0" hostname="INFO-IN-LTP-061" name="info.testrunner.TestRunner" tests="2" failures="0" timestamp="10 Jun 2022 08:26:32 GMT" time="112.120" errors="0">
  <testcase name="runScenario" time="85.591" classname="info.testrunner.TestRunner"/>
  <testcase name="runScenario" time="26.529" classname="info.testrunner.TestRunner"/>
</testsuite> <!-- info.testrunner.TestRunner -->
